<?xml version="1.0" encoding="UTF-8"?>
<testng-results skipped="0" failed="0" total="1" passed="1">
  <reporter-output>
  </reporter-output>
  <suite name="Default suite" duration-ms="41" started-at="2015-06-18T05:38:13Z" finished-at="2015-06-18T05:38:13Z">
    <groups>
    </groups>
    <test name="Default test" duration-ms="41" started-at="2015-06-18T05:38:13Z" finished-at="2015-06-18T05:38:13Z">
      <class name="MemeSortScore.NewTest">
        <test-method status="PASS" signature="beforeTest()[pri:0, instance:MemeSortScore.NewTest@22a71081]" name="beforeTest" is-config="true" duration-ms="7" started-at="2015-06-17T22:38:13Z" finished-at="2015-06-17T22:38:13Z">
          <reporter-output>
          </reporter-output>
        </test-method> <!-- beforeTest -->
        <test-method status="PASS" signature="testMemeSort()[pri:0, instance:MemeSortScore.NewTest@22a71081]" name="testMemeSort" duration-ms="26" started-at="2015-06-17T22:38:13Z" finished-at="2015-06-17T22:38:13Z">
          <reporter-output>
          </reporter-output>
        </test-method> <!-- testMemeSort -->
        <test-method status="PASS" signature="afterTest()[pri:0, instance:MemeSortScore.NewTest@22a71081]" name="afterTest" is-config="true" duration-ms="0" started-at="2015-06-17T22:38:13Z" finished-at="2015-06-17T22:38:13Z">
          <reporter-output>
          </reporter-output>
        </test-method> <!-- afterTest -->
      </class> <!-- MemeSortScore.NewTest -->
    </test> <!-- Default test -->
  </suite> <!-- Default suite -->
</testng-results>
